{"numTotalTestSuites":12,"numPassedTestSuites":12,"numFailedTestSuites":0,"numPendingTestSuites":0,"numTotalTests":27,"numPassedTests":27,"numFailedTests":0,"numPendingTests":0,"numTodoTests":0,"startTime":1757706565603,"success":true,"testResults":[{"assertionResults":[{"ancestorTitles":["","Security Utils","Input Sanitization"],"fullName":" Security Utils Input Sanitization should sanitize strings by removing dangerous characters","status":"passed","title":"should sanitize strings by removing dangerous characters","duration":1,"failureMessages":[]},{"ancestorTitles":["","Security Utils","Input Sanitization"],"fullName":" Security Utils Input Sanitization should sanitize HTML by encoding dangerous characters","status":"passed","title":"should sanitize HTML by encoding dangerous characters","duration":0,"failureMessages":[]},{"ancestorTitles":["","Security Utils","Input Sanitization"],"fullName":" Security Utils Input Sanitization should sanitize filenames","status":"passed","title":"should sanitize filenames","duration":0,"failureMessages":[]},{"ancestorTitles":["","Security Utils","Password Security"],"fullName":" Security Utils Password Security should hash passwords consistently","status":"passed","title":"should hash passwords consistently","duration":1,"failureMessages":[]},{"ancestorTitles":["","Security Utils","Password Security"],"fullName":" Security Utils Password Security should verify passwords correctly","status":"passed","title":"should verify passwords correctly","duration":0,"failureMessages":[]},{"ancestorTitles":["","Security Utils","JWT Token Management"],"fullName":" Security Utils JWT Token Management should create and verify JWT tokens","status":"passed","title":"should create and verify JWT tokens","duration":0,"failureMessages":[]},{"ancestorTitles":["","Security Utils","JWT Token Management"],"fullName":" Security Utils JWT Token Management should reject invalid JWT tokens","status":"passed","title":"should reject invalid JWT tokens","duration":1,"failureMessages":[]},{"ancestorTitles":["","Security Utils","JWT Token Management"],"fullName":" Security Utils JWT Token Management should reject expired tokens","status":"passed","title":"should reject expired tokens","duration":0,"failureMessages":[]},{"ancestorTitles":["","Security Utils","File Upload Validation"],"fullName":" Security Utils File Upload Validation should validate file uploads correctly","status":"passed","title":"should validate file uploads correctly","duration":0,"failureMessages":[]},{"ancestorTitles":["","Security Utils","File Upload Validation"],"fullName":" Security Utils File Upload Validation should reject files that are too large","status":"passed","title":"should reject files that are too large","duration":0,"failureMessages":[]},{"ancestorTitles":["","Security Utils","File Upload Validation"],"fullName":" Security Utils File Upload Validation should reject invalid file types","status":"passed","title":"should reject invalid file types","duration":1,"failureMessages":[]},{"ancestorTitles":["","Security Utils","SQL Injection Prevention"],"fullName":" Security Utils SQL Injection Prevention should escape SQL strings","status":"passed","title":"should escape SQL strings","duration":0,"failureMessages":[]},{"ancestorTitles":["","Security Utils","SQL Injection Prevention"],"fullName":" Security Utils SQL Injection Prevention should validate SQL parameters","status":"passed","title":"should validate SQL parameters","duration":0,"failureMessages":[]},{"ancestorTitles":["","Security Utils","Rate Limiter"],"fullName":" Security Utils Rate Limiter should allow requests within limit","status":"passed","title":"should allow requests within limit","duration":0,"failureMessages":[]},{"ancestorTitles":["","Security Utils","Rate Limiter"],"fullName":" Security Utils Rate Limiter should block requests that exceed limit","status":"passed","title":"should block requests that exceed limit","duration":0,"failureMessages":[]},{"ancestorTitles":["","Security Utils","Rate Limiter"],"fullName":" Security Utils Rate Limiter should reset limits after window expires","status":"passed","title":"should reset limits after window expires","duration":101,"failureMessages":[]},{"ancestorTitles":["","Security Utils","CSRF Protection"],"fullName":" Security Utils CSRF Protection should generate and validate CSRF tokens","status":"passed","title":"should generate and validate CSRF tokens","duration":1,"failureMessages":[]},{"ancestorTitles":["","Security Utils","CSRF Protection"],"fullName":" Security Utils CSRF Protection should expire tokens after timeout","status":"passed","title":"should expire tokens after timeout","duration":0,"failureMessages":[]},{"ancestorTitles":["","Security Utils","IP Security"],"fullName":" Security Utils IP Security should block IPs correctly","status":"passed","title":"should block IPs correctly","duration":0,"failureMessages":[]},{"ancestorTitles":["","Security Utils","IP Security"],"fullName":" Security Utils IP Security should track suspicious activity","status":"passed","title":"should track suspicious activity","duration":0,"failureMessages":[]},{"ancestorTitles":["","Security Utils","Audit Logger"],"fullName":" Security Utils Audit Logger should log audit events","status":"passed","title":"should log audit events","duration":1,"failureMessages":[]},{"ancestorTitles":["","Security Utils","Audit Logger"],"fullName":" Security Utils Audit Logger should track failed attempts by IP","status":"passed","title":"should track failed attempts by IP","duration":1,"failureMessages":[]},{"ancestorTitles":["","Security Utils","Validation Schemas"],"fullName":" Security Utils Validation Schemas should validate email addresses","status":"passed","title":"should validate email addresses","duration":1,"failureMessages":[]},{"ancestorTitles":["","Security Utils","Validation Schemas"],"fullName":" Security Utils Validation Schemas should validate passwords","status":"passed","title":"should validate passwords","duration":1,"failureMessages":[]},{"ancestorTitles":["","Security Utils","Validation Schemas"],"fullName":" Security Utils Validation Schemas should validate phone numbers","status":"passed","title":"should validate phone numbers","duration":0,"failureMessages":[]},{"ancestorTitles":["","Security Utils","Validation Schemas"],"fullName":" Security Utils Validation Schemas should validate names","status":"passed","title":"should validate names","duration":1,"failureMessages":[]},{"ancestorTitles":["","Security Utils","Validation Schemas"],"fullName":" Security Utils Validation Schemas should validate prices","status":"passed","title":"should validate prices","duration":0,"failureMessages":[]}],"startTime":1757706566630,"endTime":1757706566741,"status":"passed","message":"","name":"/Users/mirxa/Downloads/HabibiStay/src/test/security-utils.test.ts"}]}