{"numTotalTestSuites":10,"numPassedTestSuites":10,"numFailedTestSuites":0,"numPendingTestSuites":0,"numTotalTests":13,"numPassedTests":13,"numFailedTests":0,"numPendingTests":0,"numTodoTests":0,"startTime":1757774448979,"success":true,"testResults":[{"assertionResults":[{"ancestorTitles":["","Setup Integration Tests","Setup Status API"],"fullName":" Setup Integration Tests Setup Status API should return needs_setup=true when no admin exists","status":"passed","title":"should return needs_setup=true when no admin exists","duration":2,"failureMessages":[]},{"ancestorTitles":["","Setup Integration Tests","Setup Status API"],"fullName":" Setup Integration Tests Setup Status API should return setup_complete=true when admin exists","status":"passed","title":"should return setup_complete=true when admin exists","duration":0,"failureMessages":[]},{"ancestorTitles":["","Setup Integration Tests","Setup Initialization API"],"fullName":" Setup Integration Tests Setup Initialization API should create admin user successfully with valid data","status":"passed","title":"should create admin user successfully with valid data","duration":2,"failureMessages":[]},{"ancestorTitles":["","Setup Integration Tests","Setup Initialization API"],"fullName":" Setup Integration Tests Setup Initialization API should reject setup if already completed","status":"passed","title":"should reject setup if already completed","duration":0,"failureMessages":[]},{"ancestorTitles":["","Setup Integration Tests","Setup Initialization API"],"fullName":" Setup Integration Tests Setup Initialization API should validate required fields","status":"passed","title":"should validate required fields","duration":1,"failureMessages":[]},{"ancestorTitles":["","Setup Integration Tests","Environment Validation"],"fullName":" Setup Integration Tests Environment Validation should validate critical environment variables","status":"passed","title":"should validate critical environment variables","duration":0,"failureMessages":[]},{"ancestorTitles":["","Setup Integration Tests","Environment Validation"],"fullName":" Setup Integration Tests Environment Validation should detect missing configuration","status":"passed","title":"should detect missing configuration","duration":0,"failureMessages":[]},{"ancestorTitles":["","Setup Integration Tests","Setup Workflow Integration"],"fullName":" Setup Integration Tests Setup Workflow Integration should complete full setup workflow","status":"passed","title":"should complete full setup workflow","duration":0,"failureMessages":[]},{"ancestorTitles":["","Setup Helper Functions","Password Hashing"],"fullName":" Setup Helper Functions Password Hashing should hash passwords consistently","status":"passed","title":"should hash passwords consistently","duration":0,"failureMessages":[]},{"ancestorTitles":["","Setup Helper Functions","UUID Generation"],"fullName":" Setup Helper Functions UUID Generation should generate valid UUIDs","status":"passed","title":"should generate valid UUIDs","duration":1,"failureMessages":[]},{"ancestorTitles":["","Setup Wizard UI"],"fullName":" Setup Wizard UI should validate form inputs","status":"passed","title":"should validate form inputs","duration":0,"failureMessages":[]},{"ancestorTitles":["","Setup Wizard UI"],"fullName":" Setup Wizard UI should validate password strength","status":"passed","title":"should validate password strength","duration":0,"failureMessages":[]},{"ancestorTitles":["","Setup Wizard UI"],"fullName":" Setup Wizard UI should validate password confirmation","status":"passed","title":"should validate password confirmation","duration":0,"failureMessages":[]}],"startTime":1757774449860,"endTime":1757774449867,"status":"passed","message":"","name":"/home/runner/work/HabibiStay-Platform/HabibiStay-Platform/src/test/setup-integration.test.ts"}]}